<?xml version="1.0" encoding="UTF-8"?>
<testng-results ignored="0" total="1" passed="1" failed="0" skipped="0">
  <reporter-output>
  </reporter-output>
  <suite started-at="2023-05-14T23:06:33 IST" name="Surefire suite" finished-at="2023-05-14T23:06:33 IST" duration-ms="46">
    <groups>
    </groups>
    <test started-at="2023-05-14T23:06:33 IST" name="Surefire test" finished-at="2023-05-14T23:06:33 IST" duration-ms="46">
      <class name="Test_TestProject">
        <test-method signature="test_testproject()[pri:0, instance:Test_TestProject@50a7bc6e]" started-at="2023-05-14T23:06:33 IST" name="test_testproject" finished-at="2023-05-14T23:06:33 IST" duration-ms="7" status="PASS">
          <reporter-output>
          </reporter-output>
        </test-method> <!-- test_testproject -->
      </class> <!-- Test_TestProject -->
    </test> <!-- Surefire test -->
  </suite> <!-- Surefire suite -->
</testng-results>
